CRITICAL - 2024-03-01 00:31:14 --> ErrorException: file_get_contents(/opt/lampp/htdocs/gym/app/Views/assets/css/output.css): failed to open stream: No such file or directory
in APPPATH/Views/welcome_message.php on line 9.
 1 [internal function]: CodeIgniter\Debug\Exceptions->errorHandler(2, 'file_get_contents(/opt/lampp/htdocs/gym/app/Views/assets/css/output.css): failed to open stream: No such file or directory', '/opt/lampp/htdocs/gym/app/Views/welcome_message.php', 9, [])
 2 APPPATH/Views/welcome_message.php(9): file_get_contents('/opt/lampp/htdocs/gym/app/Views/assets/css/output.css')
 3 SYSTEMPATH/View/View.php(228): include('/opt/lampp/htdocs/gym/app/Views/welcome_message.php')
 4 SYSTEMPATH/View/View.php(231): CodeIgniter\View\View->CodeIgniter\View\{closure}()
 5 SYSTEMPATH/Common.php(1178): CodeIgniter\View\View->render('welcome_message', [], true)
 6 APPPATH/Controllers/Home.php(9): view('welcome_message')
 7 SYSTEMPATH/CodeIgniter.php(941): App\Controllers\Home->index()
 8 SYSTEMPATH/CodeIgniter.php(502): CodeIgniter\CodeIgniter->runController(Object(App\Controllers\Home))
 9 SYSTEMPATH/CodeIgniter.php(361): CodeIgniter\CodeIgniter->handleRequest(null, Object(Config\Cache), false)
10 FCPATH/index.php(79): CodeIgniter\CodeIgniter->run()
CRITICAL - 2024-03-01 00:31:22 --> ErrorException: file_get_contents(/opt/lampp/htdocs/gym/app/Views/assets/css/output.css): failed to open stream: No such file or directory
in APPPATH/Views/welcome_message.php on line 9.
 1 [internal function]: CodeIgniter\Debug\Exceptions->errorHandler(2, 'file_get_contents(/opt/lampp/htdocs/gym/app/Views/assets/css/output.css): failed to open stream: No such file or directory', '/opt/lampp/htdocs/gym/app/Views/welcome_message.php', 9, [])
 2 APPPATH/Views/welcome_message.php(9): file_get_contents('/opt/lampp/htdocs/gym/app/Views/assets/css/output.css')
 3 SYSTEMPATH/View/View.php(228): include('/opt/lampp/htdocs/gym/app/Views/welcome_message.php')
 4 SYSTEMPATH/View/View.php(231): CodeIgniter\View\View->CodeIgniter\View\{closure}()
 5 SYSTEMPATH/Common.php(1178): CodeIgniter\View\View->render('welcome_message', [], true)
 6 APPPATH/Controllers/Home.php(9): view('welcome_message')
 7 SYSTEMPATH/CodeIgniter.php(941): App\Controllers\Home->index()
 8 SYSTEMPATH/CodeIgniter.php(502): CodeIgniter\CodeIgniter->runController(Object(App\Controllers\Home))
 9 SYSTEMPATH/CodeIgniter.php(361): CodeIgniter\CodeIgniter->handleRequest(null, Object(Config\Cache), false)
10 FCPATH/index.php(79): CodeIgniter\CodeIgniter->run()
CRITICAL - 2024-03-01 00:32:24 --> ErrorException: file_get_contents(/opt/lampp/htdocs/gym/app/Views/assets/css/output.css): failed to open stream: No such file or directory
in APPPATH/Views/welcome_message.php on line 9.
 1 [internal function]: CodeIgniter\Debug\Exceptions->errorHandler(2, 'file_get_contents(/opt/lampp/htdocs/gym/app/Views/assets/css/output.css): failed to open stream: No such file or directory', '/opt/lampp/htdocs/gym/app/Views/welcome_message.php', 9, [])
 2 APPPATH/Views/welcome_message.php(9): file_get_contents('/opt/lampp/htdocs/gym/app/Views/assets/css/output.css')
 3 SYSTEMPATH/View/View.php(228): include('/opt/lampp/htdocs/gym/app/Views/welcome_message.php')
 4 SYSTEMPATH/View/View.php(231): CodeIgniter\View\View->CodeIgniter\View\{closure}()
 5 SYSTEMPATH/Common.php(1178): CodeIgniter\View\View->render('welcome_message', [], true)
 6 APPPATH/Controllers/Home.php(9): view('welcome_message')
 7 SYSTEMPATH/CodeIgniter.php(941): App\Controllers\Home->index()
 8 SYSTEMPATH/CodeIgniter.php(502): CodeIgniter\CodeIgniter->runController(Object(App\Controllers\Home))
 9 SYSTEMPATH/CodeIgniter.php(361): CodeIgniter\CodeIgniter->handleRequest(null, Object(Config\Cache), false)
10 FCPATH/index.php(79): CodeIgniter\CodeIgniter->run()
CRITICAL - 2024-03-01 00:32:25 --> ErrorException: file_get_contents(/opt/lampp/htdocs/gym/app/Views/assets/css/output.css): failed to open stream: No such file or directory
in APPPATH/Views/welcome_message.php on line 9.
 1 [internal function]: CodeIgniter\Debug\Exceptions->errorHandler(2, 'file_get_contents(/opt/lampp/htdocs/gym/app/Views/assets/css/output.css): failed to open stream: No such file or directory', '/opt/lampp/htdocs/gym/app/Views/welcome_message.php', 9, [])
 2 APPPATH/Views/welcome_message.php(9): file_get_contents('/opt/lampp/htdocs/gym/app/Views/assets/css/output.css')
 3 SYSTEMPATH/View/View.php(228): include('/opt/lampp/htdocs/gym/app/Views/welcome_message.php')
 4 SYSTEMPATH/View/View.php(231): CodeIgniter\View\View->CodeIgniter\View\{closure}()
 5 SYSTEMPATH/Common.php(1178): CodeIgniter\View\View->render('welcome_message', [], true)
 6 APPPATH/Controllers/Home.php(9): view('welcome_message')
 7 SYSTEMPATH/CodeIgniter.php(941): App\Controllers\Home->index()
 8 SYSTEMPATH/CodeIgniter.php(502): CodeIgniter\CodeIgniter->runController(Object(App\Controllers\Home))
 9 SYSTEMPATH/CodeIgniter.php(361): CodeIgniter\CodeIgniter->handleRequest(null, Object(Config\Cache), false)
10 FCPATH/index.php(79): CodeIgniter\CodeIgniter->run()
CRITICAL - 2024-03-01 00:32:26 --> ErrorException: file_get_contents(/opt/lampp/htdocs/gym/app/Views/assets/css/output.css): failed to open stream: No such file or directory
in APPPATH/Views/welcome_message.php on line 9.
 1 [internal function]: CodeIgniter\Debug\Exceptions->errorHandler(2, 'file_get_contents(/opt/lampp/htdocs/gym/app/Views/assets/css/output.css): failed to open stream: No such file or directory', '/opt/lampp/htdocs/gym/app/Views/welcome_message.php', 9, [])
 2 APPPATH/Views/welcome_message.php(9): file_get_contents('/opt/lampp/htdocs/gym/app/Views/assets/css/output.css')
 3 SYSTEMPATH/View/View.php(228): include('/opt/lampp/htdocs/gym/app/Views/welcome_message.php')
 4 SYSTEMPATH/View/View.php(231): CodeIgniter\View\View->CodeIgniter\View\{closure}()
 5 SYSTEMPATH/Common.php(1178): CodeIgniter\View\View->render('welcome_message', [], true)
 6 APPPATH/Controllers/Home.php(9): view('welcome_message')
 7 SYSTEMPATH/CodeIgniter.php(941): App\Controllers\Home->index()
 8 SYSTEMPATH/CodeIgniter.php(502): CodeIgniter\CodeIgniter->runController(Object(App\Controllers\Home))
 9 SYSTEMPATH/CodeIgniter.php(361): CodeIgniter\CodeIgniter->handleRequest(null, Object(Config\Cache), false)
10 FCPATH/index.php(79): CodeIgniter\CodeIgniter->run()
CRITICAL - 2024-03-01 00:32:39 --> ErrorException: file_get_contents(/opt/lampp/htdocs/gym/app/Views/assets/css/output.css): failed to open stream: No such file or directory
in APPPATH/Views/welcome_message.php on line 9.
 1 [internal function]: CodeIgniter\Debug\Exceptions->errorHandler(2, 'file_get_contents(/opt/lampp/htdocs/gym/app/Views/assets/css/output.css): failed to open stream: No such file or directory', '/opt/lampp/htdocs/gym/app/Views/welcome_message.php', 9, [])
 2 APPPATH/Views/welcome_message.php(9): file_get_contents('/opt/lampp/htdocs/gym/app/Views/assets/css/output.css')
 3 SYSTEMPATH/View/View.php(228): include('/opt/lampp/htdocs/gym/app/Views/welcome_message.php')
 4 SYSTEMPATH/View/View.php(231): CodeIgniter\View\View->CodeIgniter\View\{closure}()
 5 SYSTEMPATH/Common.php(1178): CodeIgniter\View\View->render('welcome_message', [], true)
 6 APPPATH/Controllers/Home.php(9): view('welcome_message')
 7 SYSTEMPATH/CodeIgniter.php(941): App\Controllers\Home->index()
 8 SYSTEMPATH/CodeIgniter.php(502): CodeIgniter\CodeIgniter->runController(Object(App\Controllers\Home))
 9 SYSTEMPATH/CodeIgniter.php(361): CodeIgniter\CodeIgniter->handleRequest(null, Object(Config\Cache), false)
10 FCPATH/index.php(79): CodeIgniter\CodeIgniter->run()
